Created by PLY version 3.8 (http://www.dabeaz.com/ply)

Grammar

Rule 0     S' -> expression
Rule 1     expression -> expression PLUS term
Rule 2     expression -> expression MINUS term
Rule 3     expression -> term
Rule 4     term -> term DIVIDE factor
Rule 5     term -> term TIMES factor
Rule 6     term -> factor
Rule 7     factor -> NUMBER
Rule 8     factor -> VARIABLE
Rule 9     factor -> LPAREN expression RPAREN
Rule 10    factor -> VARIABLE LBRACKET expression RBRACKET

Terminals, with rules where they appear

DIVIDE               : 4
LBRACKET             : 10
LPAREN               : 9
MINUS                : 2
NUMBER               : 7
PLUS                 : 1
RBRACKET             : 10
RPAREN               : 9
TIMES                : 5
VARIABLE             : 8 10
error                : 

Nonterminals, with rules where they appear

expression           : 1 2 9 10 0
factor               : 4 5 6
term                 : 1 2 3 4 5

Parsing method: LALR

state 0

    (0) S' -> . expression
    (1) expression -> . expression PLUS term
    (2) expression -> . expression MINUS term
    (3) expression -> . term
    (4) term -> . term DIVIDE factor
    (5) term -> . term TIMES factor
    (6) term -> . factor
    (7) factor -> . NUMBER
    (8) factor -> . VARIABLE
    (9) factor -> . LPAREN expression RPAREN
    (10) factor -> . VARIABLE LBRACKET expression RBRACKET

    NUMBER          shift and go to state 5
    VARIABLE        shift and go to state 2
    LPAREN          shift and go to state 1

    factor                         shift and go to state 4
    term                           shift and go to state 6
    expression                     shift and go to state 3

state 1

    (9) factor -> LPAREN . expression RPAREN
    (1) expression -> . expression PLUS term
    (2) expression -> . expression MINUS term
    (3) expression -> . term
    (4) term -> . term DIVIDE factor
    (5) term -> . term TIMES factor
    (6) term -> . factor
    (7) factor -> . NUMBER
    (8) factor -> . VARIABLE
    (9) factor -> . LPAREN expression RPAREN
    (10) factor -> . VARIABLE LBRACKET expression RBRACKET

    NUMBER          shift and go to state 5
    VARIABLE        shift and go to state 2
    LPAREN          shift and go to state 1

    factor                         shift and go to state 4
    term                           shift and go to state 6
    expression                     shift and go to state 7

state 2

    (8) factor -> VARIABLE .
    (10) factor -> VARIABLE . LBRACKET expression RBRACKET

    DIVIDE          reduce using rule 8 (factor -> VARIABLE .)
    TIMES           reduce using rule 8 (factor -> VARIABLE .)
    PLUS            reduce using rule 8 (factor -> VARIABLE .)
    MINUS           reduce using rule 8 (factor -> VARIABLE .)
    $end            reduce using rule 8 (factor -> VARIABLE .)
    RPAREN          reduce using rule 8 (factor -> VARIABLE .)
    RBRACKET        reduce using rule 8 (factor -> VARIABLE .)
    LBRACKET        shift and go to state 8


state 3

    (0) S' -> expression .
    (1) expression -> expression . PLUS term
    (2) expression -> expression . MINUS term

    PLUS            shift and go to state 10
    MINUS           shift and go to state 9


state 4

    (6) term -> factor .

    DIVIDE          reduce using rule 6 (term -> factor .)
    TIMES           reduce using rule 6 (term -> factor .)
    PLUS            reduce using rule 6 (term -> factor .)
    MINUS           reduce using rule 6 (term -> factor .)
    $end            reduce using rule 6 (term -> factor .)
    RPAREN          reduce using rule 6 (term -> factor .)
    RBRACKET        reduce using rule 6 (term -> factor .)


state 5

    (7) factor -> NUMBER .

    DIVIDE          reduce using rule 7 (factor -> NUMBER .)
    TIMES           reduce using rule 7 (factor -> NUMBER .)
    PLUS            reduce using rule 7 (factor -> NUMBER .)
    MINUS           reduce using rule 7 (factor -> NUMBER .)
    $end            reduce using rule 7 (factor -> NUMBER .)
    RPAREN          reduce using rule 7 (factor -> NUMBER .)
    RBRACKET        reduce using rule 7 (factor -> NUMBER .)


state 6

    (3) expression -> term .
    (4) term -> term . DIVIDE factor
    (5) term -> term . TIMES factor

    PLUS            reduce using rule 3 (expression -> term .)
    MINUS           reduce using rule 3 (expression -> term .)
    $end            reduce using rule 3 (expression -> term .)
    RBRACKET        reduce using rule 3 (expression -> term .)
    RPAREN          reduce using rule 3 (expression -> term .)
    DIVIDE          shift and go to state 12
    TIMES           shift and go to state 11


state 7

    (9) factor -> LPAREN expression . RPAREN
    (1) expression -> expression . PLUS term
    (2) expression -> expression . MINUS term

    RPAREN          shift and go to state 13
    PLUS            shift and go to state 10
    MINUS           shift and go to state 9


state 8

    (10) factor -> VARIABLE LBRACKET . expression RBRACKET
    (1) expression -> . expression PLUS term
    (2) expression -> . expression MINUS term
    (3) expression -> . term
    (4) term -> . term DIVIDE factor
    (5) term -> . term TIMES factor
    (6) term -> . factor
    (7) factor -> . NUMBER
    (8) factor -> . VARIABLE
    (9) factor -> . LPAREN expression RPAREN
    (10) factor -> . VARIABLE LBRACKET expression RBRACKET

    NUMBER          shift and go to state 5
    VARIABLE        shift and go to state 2
    LPAREN          shift and go to state 1

    factor                         shift and go to state 4
    term                           shift and go to state 6
    expression                     shift and go to state 14

state 9

    (2) expression -> expression MINUS . term
    (4) term -> . term DIVIDE factor
    (5) term -> . term TIMES factor
    (6) term -> . factor
    (7) factor -> . NUMBER
    (8) factor -> . VARIABLE
    (9) factor -> . LPAREN expression RPAREN
    (10) factor -> . VARIABLE LBRACKET expression RBRACKET

    NUMBER          shift and go to state 5
    VARIABLE        shift and go to state 2
    LPAREN          shift and go to state 1

    factor                         shift and go to state 4
    term                           shift and go to state 15

state 10

    (1) expression -> expression PLUS . term
    (4) term -> . term DIVIDE factor
    (5) term -> . term TIMES factor
    (6) term -> . factor
    (7) factor -> . NUMBER
    (8) factor -> . VARIABLE
    (9) factor -> . LPAREN expression RPAREN
    (10) factor -> . VARIABLE LBRACKET expression RBRACKET

    NUMBER          shift and go to state 5
    VARIABLE        shift and go to state 2
    LPAREN          shift and go to state 1

    factor                         shift and go to state 4
    term                           shift and go to state 16

state 11

    (5) term -> term TIMES . factor
    (7) factor -> . NUMBER
    (8) factor -> . VARIABLE
    (9) factor -> . LPAREN expression RPAREN
    (10) factor -> . VARIABLE LBRACKET expression RBRACKET

    NUMBER          shift and go to state 5
    VARIABLE        shift and go to state 2
    LPAREN          shift and go to state 1

    factor                         shift and go to state 17

state 12

    (4) term -> term DIVIDE . factor
    (7) factor -> . NUMBER
    (8) factor -> . VARIABLE
    (9) factor -> . LPAREN expression RPAREN
    (10) factor -> . VARIABLE LBRACKET expression RBRACKET

    NUMBER          shift and go to state 5
    VARIABLE        shift and go to state 2
    LPAREN          shift and go to state 1

    factor                         shift and go to state 18

state 13

    (9) factor -> LPAREN expression RPAREN .

    DIVIDE          reduce using rule 9 (factor -> LPAREN expression RPAREN .)
    TIMES           reduce using rule 9 (factor -> LPAREN expression RPAREN .)
    PLUS            reduce using rule 9 (factor -> LPAREN expression RPAREN .)
    MINUS           reduce using rule 9 (factor -> LPAREN expression RPAREN .)
    $end            reduce using rule 9 (factor -> LPAREN expression RPAREN .)
    RPAREN          reduce using rule 9 (factor -> LPAREN expression RPAREN .)
    RBRACKET        reduce using rule 9 (factor -> LPAREN expression RPAREN .)


state 14

    (10) factor -> VARIABLE LBRACKET expression . RBRACKET
    (1) expression -> expression . PLUS term
    (2) expression -> expression . MINUS term

    RBRACKET        shift and go to state 19
    PLUS            shift and go to state 10
    MINUS           shift and go to state 9


state 15

    (2) expression -> expression MINUS term .
    (4) term -> term . DIVIDE factor
    (5) term -> term . TIMES factor

    PLUS            reduce using rule 2 (expression -> expression MINUS term .)
    MINUS           reduce using rule 2 (expression -> expression MINUS term .)
    $end            reduce using rule 2 (expression -> expression MINUS term .)
    RBRACKET        reduce using rule 2 (expression -> expression MINUS term .)
    RPAREN          reduce using rule 2 (expression -> expression MINUS term .)
    DIVIDE          shift and go to state 12
    TIMES           shift and go to state 11


state 16

    (1) expression -> expression PLUS term .
    (4) term -> term . DIVIDE factor
    (5) term -> term . TIMES factor

    PLUS            reduce using rule 1 (expression -> expression PLUS term .)
    MINUS           reduce using rule 1 (expression -> expression PLUS term .)
    $end            reduce using rule 1 (expression -> expression PLUS term .)
    RBRACKET        reduce using rule 1 (expression -> expression PLUS term .)
    RPAREN          reduce using rule 1 (expression -> expression PLUS term .)
    DIVIDE          shift and go to state 12
    TIMES           shift and go to state 11


state 17

    (5) term -> term TIMES factor .

    DIVIDE          reduce using rule 5 (term -> term TIMES factor .)
    TIMES           reduce using rule 5 (term -> term TIMES factor .)
    PLUS            reduce using rule 5 (term -> term TIMES factor .)
    MINUS           reduce using rule 5 (term -> term TIMES factor .)
    $end            reduce using rule 5 (term -> term TIMES factor .)
    RPAREN          reduce using rule 5 (term -> term TIMES factor .)
    RBRACKET        reduce using rule 5 (term -> term TIMES factor .)


state 18

    (4) term -> term DIVIDE factor .

    DIVIDE          reduce using rule 4 (term -> term DIVIDE factor .)
    TIMES           reduce using rule 4 (term -> term DIVIDE factor .)
    PLUS            reduce using rule 4 (term -> term DIVIDE factor .)
    MINUS           reduce using rule 4 (term -> term DIVIDE factor .)
    $end            reduce using rule 4 (term -> term DIVIDE factor .)
    RPAREN          reduce using rule 4 (term -> term DIVIDE factor .)
    RBRACKET        reduce using rule 4 (term -> term DIVIDE factor .)


state 19

    (10) factor -> VARIABLE LBRACKET expression RBRACKET .

    DIVIDE          reduce using rule 10 (factor -> VARIABLE LBRACKET expression RBRACKET .)
    TIMES           reduce using rule 10 (factor -> VARIABLE LBRACKET expression RBRACKET .)
    PLUS            reduce using rule 10 (factor -> VARIABLE LBRACKET expression RBRACKET .)
    MINUS           reduce using rule 10 (factor -> VARIABLE LBRACKET expression RBRACKET .)
    $end            reduce using rule 10 (factor -> VARIABLE LBRACKET expression RBRACKET .)
    RPAREN          reduce using rule 10 (factor -> VARIABLE LBRACKET expression RBRACKET .)
    RBRACKET        reduce using rule 10 (factor -> VARIABLE LBRACKET expression RBRACKET .)

